2015/12/30 16:38:55 [error] [php] include(CDbcriteria.php): failed to open stream: No such file or directory (/var/www/html/yii-1.1/framework/YiiBase.php:427)
Stack trace:
#0 /var/www/html/project/projectOne/protected/models/TblUser.php(19): spl_autoload_call()
#1 /var/www/html/project/projectOne/protected/controllers/HelloController.php(12): getUser()
#2 /var/www/html/yii-1.1/framework/web/actions/CInlineAction.php(49): HelloController->actionUser()
#3 /var/www/html/yii-1.1/framework/web/CController.php(308): CInlineAction->runWithParams()
#4 /var/www/html/yii-1.1/framework/web/CController.php(286): HelloController->runAction()
#5 /var/www/html/yii-1.1/framework/web/CController.php(265): HelloController->runActionWithFilters()
#6 /var/www/html/yii-1.1/framework/web/CWebApplication.php(282): HelloController->run()
#7 /var/www/html/yii-1.1/framework/web/CWebApplication.php(141): CWebApplication->runController()
#8 /var/www/html/yii-1.1/framework/base/CApplication.php(180): CWebApplication->processRequest()
#9 /var/www/html/project/projectOne/index.php(13): CWebApplication->run()
REQUEST_URI=/project/projectOne/index.php?r=hello/user
in /var/www/html/project/projectOne/protected/models/TblUser.php (19)
in /var/www/html/project/projectOne/protected/controllers/HelloController.php (12)
in /var/www/html/project/projectOne/index.php (13)
2015/12/30 16:39:36 [error] [php] Trying to get property of non-object (/var/www/html/project/projectOne/protected/models/TblUser.php:21)
Stack trace:
#0 /var/www/html/yii-1.1/framework/web/CController.php(308): CInlineAction->runWithParams()
#1 /var/www/html/yii-1.1/framework/web/CController.php(286): HelloController->runAction()
#2 /var/www/html/yii-1.1/framework/web/CController.php(265): HelloController->runActionWithFilters()
#3 /var/www/html/yii-1.1/framework/web/CWebApplication.php(282): HelloController->run()
#4 /var/www/html/yii-1.1/framework/web/CWebApplication.php(141): CWebApplication->runController()
#5 /var/www/html/yii-1.1/framework/base/CApplication.php(180): CWebApplication->processRequest()
#6 /var/www/html/project/projectOne/index.php(13): CWebApplication->run()
REQUEST_URI=/project/projectOne/index.php?r=hello/user
in /var/www/html/project/projectOne/protected/models/TblUser.php (21)
in /var/www/html/project/projectOne/protected/controllers/HelloController.php (12)
in /var/www/html/project/projectOne/index.php (13)
2015/12/30 16:39:46 [error] [php] Trying to get property of non-object (/var/www/html/project/projectOne/protected/models/TblUser.php:21)
Stack trace:
#0 /var/www/html/yii-1.1/framework/web/CController.php(308): CInlineAction->runWithParams()
#1 /var/www/html/yii-1.1/framework/web/CController.php(286): HelloController->runAction()
#2 /var/www/html/yii-1.1/framework/web/CController.php(265): HelloController->runActionWithFilters()
#3 /var/www/html/yii-1.1/framework/web/CWebApplication.php(282): HelloController->run()
#4 /var/www/html/yii-1.1/framework/web/CWebApplication.php(141): CWebApplication->runController()
#5 /var/www/html/yii-1.1/framework/base/CApplication.php(180): CWebApplication->processRequest()
#6 /var/www/html/project/projectOne/index.php(13): CWebApplication->run()
REQUEST_URI=/project/projectOne/index.php?r=hello/user
in /var/www/html/project/projectOne/protected/models/TblUser.php (21)
in /var/www/html/project/projectOne/protected/controllers/HelloController.php (12)
in /var/www/html/project/projectOne/index.php (13)
2015/12/30 16:39:47 [error] [php] Trying to get property of non-object (/var/www/html/project/projectOne/protected/models/TblUser.php:21)
Stack trace:
#0 /var/www/html/yii-1.1/framework/web/CController.php(308): CInlineAction->runWithParams()
#1 /var/www/html/yii-1.1/framework/web/CController.php(286): HelloController->runAction()
#2 /var/www/html/yii-1.1/framework/web/CController.php(265): HelloController->runActionWithFilters()
#3 /var/www/html/yii-1.1/framework/web/CWebApplication.php(282): HelloController->run()
#4 /var/www/html/yii-1.1/framework/web/CWebApplication.php(141): CWebApplication->runController()
#5 /var/www/html/yii-1.1/framework/base/CApplication.php(180): CWebApplication->processRequest()
#6 /var/www/html/project/projectOne/index.php(13): CWebApplication->run()
REQUEST_URI=/project/projectOne/index.php?r=hello/user
in /var/www/html/project/projectOne/protected/models/TblUser.php (21)
in /var/www/html/project/projectOne/protected/controllers/HelloController.php (12)
in /var/www/html/project/projectOne/index.php (13)
2015/12/30 16:39:47 [error] [php] Trying to get property of non-object (/var/www/html/project/projectOne/protected/models/TblUser.php:21)
Stack trace:
#0 /var/www/html/yii-1.1/framework/web/CController.php(308): CInlineAction->runWithParams()
#1 /var/www/html/yii-1.1/framework/web/CController.php(286): HelloController->runAction()
#2 /var/www/html/yii-1.1/framework/web/CController.php(265): HelloController->runActionWithFilters()
#3 /var/www/html/yii-1.1/framework/web/CWebApplication.php(282): HelloController->run()
#4 /var/www/html/yii-1.1/framework/web/CWebApplication.php(141): CWebApplication->runController()
#5 /var/www/html/yii-1.1/framework/base/CApplication.php(180): CWebApplication->processRequest()
#6 /var/www/html/project/projectOne/index.php(13): CWebApplication->run()
REQUEST_URI=/project/projectOne/index.php?r=hello/user
in /var/www/html/project/projectOne/protected/models/TblUser.php (21)
in /var/www/html/project/projectOne/protected/controllers/HelloController.php (12)
in /var/www/html/project/projectOne/index.php (13)
2015/12/30 16:42:32 [error] [php] Trying to get property of non-object (/var/www/html/project/projectOne/protected/models/TblUser.php:21)
Stack trace:
#0 /var/www/html/yii-1.1/framework/web/CController.php(308): CInlineAction->runWithParams()
#1 /var/www/html/yii-1.1/framework/web/CController.php(286): HelloController->runAction()
#2 /var/www/html/yii-1.1/framework/web/CController.php(265): HelloController->runActionWithFilters()
#3 /var/www/html/yii-1.1/framework/web/CWebApplication.php(282): HelloController->run()
#4 /var/www/html/yii-1.1/framework/web/CWebApplication.php(141): CWebApplication->runController()
#5 /var/www/html/yii-1.1/framework/base/CApplication.php(180): CWebApplication->processRequest()
#6 /var/www/html/project/projectOne/index.php(13): CWebApplication->run()
REQUEST_URI=/project/projectOne/index.php?r=hello/user
in /var/www/html/project/projectOne/protected/models/TblUser.php (21)
in /var/www/html/project/projectOne/protected/controllers/HelloController.php (12)
in /var/www/html/project/projectOne/index.php (13)
2015/12/30 16:45:00 [error] [php] Trying to get property of non-object (/var/www/html/project/projectOne/protected/models/TblUser.php:21)
Stack trace:
#0 /var/www/html/yii-1.1/framework/web/CController.php(308): CInlineAction->runWithParams()
#1 /var/www/html/yii-1.1/framework/web/CController.php(286): HelloController->runAction()
#2 /var/www/html/yii-1.1/framework/web/CController.php(265): HelloController->runActionWithFilters()
#3 /var/www/html/yii-1.1/framework/web/CWebApplication.php(282): HelloController->run()
#4 /var/www/html/yii-1.1/framework/web/CWebApplication.php(141): CWebApplication->runController()
#5 /var/www/html/yii-1.1/framework/base/CApplication.php(180): CWebApplication->processRequest()
#6 /var/www/html/project/projectOne/index.php(13): CWebApplication->run()
REQUEST_URI=/project/projectOne/index.php?r=hello/user
in /var/www/html/project/projectOne/protected/models/TblUser.php (21)
in /var/www/html/project/projectOne/protected/controllers/HelloController.php (12)
in /var/www/html/project/projectOne/index.php (13)
2015/12/30 16:46:42 [error] [php] Array to string conversion (/var/www/html/project/projectOne/protected/models/TblUser.php:23)
Stack trace:
#0 /var/www/html/yii-1.1/framework/web/CController.php(308): CInlineAction->runWithParams()
#1 /var/www/html/yii-1.1/framework/web/CController.php(286): HelloController->runAction()
#2 /var/www/html/yii-1.1/framework/web/CController.php(265): HelloController->runActionWithFilters()
#3 /var/www/html/yii-1.1/framework/web/CWebApplication.php(282): HelloController->run()
#4 /var/www/html/yii-1.1/framework/web/CWebApplication.php(141): CWebApplication->runController()
#5 /var/www/html/yii-1.1/framework/base/CApplication.php(180): CWebApplication->processRequest()
#6 /var/www/html/project/projectOne/index.php(13): CWebApplication->run()
REQUEST_URI=/project/projectOne/index.php?r=hello/user
in /var/www/html/project/projectOne/protected/models/TblUser.php (23)
in /var/www/html/project/projectOne/protected/controllers/HelloController.php (12)
in /var/www/html/project/projectOne/index.php (13)
